<?xml version="1.0" encoding="UTF-8"?>
<!-- Generated by org.testng.reporters.JUnitReportReporter -->
<testsuite hostname="Sumaiyas-MacBook-Air.local" failures="0" tests="14" name="Test.Search_Selenium" time="37.193" errors="0" timestamp="11 Apr 2022 10:12:23 GMT" skipped="0">
  <testcase classname="Test.Search_Selenium" name="clickhotel" time="0.296"/>
  <testcase classname="Test.Search_Selenium" name="clicksearchfield" time="2.238"/>
  <testcase classname="Test.Search_Selenium" name="sendname" time="2.148"/>
  <testcase classname="Test.Search_Selenium" name="selectname" time="8.580"/>
  <testcase classname="Test.Search_Selenium" name="clickCheckin" time="2.399"/>
  <testcase classname="Test.Search_Selenium" name="clickCheckout" time="2.380"/>
  <testcase classname="Test.Search_Selenium" name="addroom" time="2.311"/>
  <testcase classname="Test.Search_Selenium" name="addadults" time="2.231"/>
  <testcase classname="Test.Search_Selenium" name="addchild" time="2.283"/>
  <testcase classname="Test.Search_Selenium" name="clickAgedropdown" time="2.271"/>
  <testcase classname="Test.Search_Selenium" name="selectage" time="2.267"/>
  <testcase classname="Test.Search_Selenium" name="updatebutton" time="2.452"/>
  <testcase classname="Test.Search_Selenium" name="hotelcalss" time="3.303"/>
  <testcase classname="Test.Search_Selenium" name="printhotelname" time="2.034"/>
</testsuite> <!-- Test.Search_Selenium -->
